2020-12-13T23:52:43.762Z thumbsup:warn gifsicle (http://www.lcdf.org/gifsicle) is not installed. You will not be able to process animated GIFs.
2020-12-13T23:52:43.762Z thumbsup:warn dcraw (https://www.cybercom.net/~dcoffin/dcraw/) is not installed. You will not be able to process RAW photos.
2020-12-13T23:52:43.864Z thumbsup:warn ENOENT: no such file or directory, scandir '/home/sid/photos'
2020-12-13T23:52:53.368Z thumbsup:warn gifsicle (http://www.lcdf.org/gifsicle) is not installed. You will not be able to process animated GIFs.
2020-12-13T23:52:53.368Z thumbsup:warn dcraw (https://www.cybercom.net/~dcoffin/dcraw/) is not installed. You will not be able to process RAW photos.
2020-12-13T23:54:22.085Z thumbsup:warn gifsicle (http://www.lcdf.org/gifsicle) is not installed. You will not be able to process animated GIFs.
2020-12-13T23:54:22.085Z thumbsup:warn dcraw (https://www.cybercom.net/~dcoffin/dcraw/) is not installed. You will not be able to process RAW photos.
2020-12-13T23:54:23.971Z thumbsup:error SqliteError: database is locked
2020-12-13T23:54:23.971Z thumbsup:error     at new Index (/home/sid/.nvm/versions/node/v14.15.0/lib/node_modules/thumbsup/src/components/index/index.js:18:13)
2020-12-13T23:54:23.971Z thumbsup:error     at /home/sid/.nvm/versions/node/v14.15.0/lib/node_modules/thumbsup/src/steps/step-index.js:21:19
2020-12-13T23:54:23.971Z thumbsup:error     at new Subscription (/home/sid/.nvm/versions/node/v14.15.0/lib/node_modules/thumbsup/node_modules/zen-observable/lib/Observable.js:197:34)
2020-12-13T23:54:23.971Z thumbsup:error     at Observable.subscribe (/home/sid/.nvm/versions/node/v14.15.0/lib/node_modules/thumbsup/node_modules/zen-observable/lib/Observable.js:279:14)
2020-12-13T23:54:23.971Z thumbsup:error     at /home/sid/.nvm/versions/node/v14.15.0/lib/node_modules/thumbsup/node_modules/listr/lib/task.js:130:13
2020-12-13T23:54:23.971Z thumbsup:error     at new Promise (<anonymous>)
2020-12-13T23:54:23.971Z thumbsup:error     at handleResult (/home/sid/.nvm/versions/node/v14.15.0/lib/node_modules/thumbsup/node_modules/listr/lib/task.js:129:14)
2020-12-13T23:54:23.971Z thumbsup:error     at /home/sid/.nvm/versions/node/v14.15.0/lib/node_modules/thumbsup/node_modules/listr/lib/task.js:167:12
2020-12-13T23:54:23.971Z thumbsup:error     at processTicksAndRejections (internal/process/task_queues.js:93:5)
2020-12-13T23:54:34.549Z thumbsup:warn gifsicle (http://www.lcdf.org/gifsicle) is not installed. You will not be able to process animated GIFs.
2020-12-13T23:55:34.766Z thumbsup:error Error: write EIO
2020-12-13T23:55:34.766Z thumbsup:error     at afterWriteDispatched (internal/stream_base_commons.js:156:25)
2020-12-13T23:55:34.766Z thumbsup:error     at writeGeneric (internal/stream_base_commons.js:147:3)
2020-12-13T23:55:34.766Z thumbsup:error     at WriteStream.Socket._writeGeneric (net.js:785:11)
2020-12-13T23:55:34.766Z thumbsup:error     at WriteStream.Socket._write (net.js:797:8)
2020-12-13T23:55:34.766Z thumbsup:error     at writeOrBuffer (_stream_writable.js:352:12)
2020-12-13T23:55:34.766Z thumbsup:error     at WriteStream.Writable.write (_stream_writable.js:303:10)
2020-12-13T23:55:34.766Z thumbsup:error     at Object.exports.hide (/home/sid/.nvm/versions/node/v14.15.0/lib/node_modules/thumbsup/node_modules/cli-cursor/index.js:26:4)
2020-12-13T23:55:34.766Z thumbsup:error     at render (/home/sid/.nvm/versions/node/v14.15.0/lib/node_modules/thumbsup/node_modules/log-update/index.js:31:14)
2020-12-13T23:55:34.766Z thumbsup:error     at render (/home/sid/.nvm/versions/node/v14.15.0/lib/node_modules/thumbsup/node_modules/listr-update-renderer/index.js:48:2)
2020-12-13T23:55:34.766Z thumbsup:error     at Timeout._onTimeout (/home/sid/.nvm/versions/node/v14.15.0/lib/node_modules/thumbsup/node_modules/listr-update-renderer/index.js:68:4)
2020-12-13T23:55:56.266Z thumbsup:warn Unsupported file type <unknown> for matlab_R2020a_glnxa64/help/includes/shared/equationrenderer/release/mw-browser-utils/images/bg_h1_matlab.jpg
2020-12-13T23:55:56.287Z thumbsup:warn Unsupported file type <unknown> for matlab_R2020a_glnxa64/ui/install/matlab_installer/mw-browser-utils/images/bg_h1_matlab.jpg
2020-12-13T23:55:56.310Z thumbsup:error TypeError: Cannot read property 'indexOf' of undefined
2020-12-13T23:55:56.310Z thumbsup:error     at dimensions (/home/sid/.nvm/versions/node/v14.15.0/lib/node_modules/thumbsup/src/model/metadata.js:143:20)
2020-12-13T23:55:56.310Z thumbsup:error     at new Metadata (/home/sid/.nvm/versions/node/v14.15.0/lib/node_modules/thumbsup/src/model/metadata.js:33:18)
2020-12-13T23:55:56.310Z thumbsup:error     at EventEmitter.<anonymous> (/home/sid/.nvm/versions/node/v14.15.0/lib/node_modules/thumbsup/src/steps/step-index.js:42:20)
2020-12-13T23:55:56.310Z thumbsup:error     at EventEmitter.emit (events.js:315:20)
2020-12-13T23:55:56.310Z thumbsup:error     at Stream.finished (/home/sid/.nvm/versions/node/v14.15.0/lib/node_modules/thumbsup/src/components/index/index.js:44:17)
2020-12-13T23:55:56.310Z thumbsup:error     at Stream.emit (events.js:315:20)
2020-12-13T23:55:56.310Z thumbsup:error     at Stream.<anonymous> (/home/sid/.nvm/versions/node/v14.15.0/lib/node_modules/thumbsup/node_modules/event-stream/index.js:51:18)
2020-12-13T23:55:56.310Z thumbsup:error     at Stream.emit (events.js:327:22)
2020-12-13T23:55:56.310Z thumbsup:error     at Stream.handleEnd (/home/sid/.nvm/versions/node/v14.15.0/lib/node_modules/thumbsup/node_modules/duplexer/index.js:81:21)
2020-12-13T23:55:56.310Z thumbsup:error     at Stream.emit (events.js:327:22)
2020-12-14T00:35:06.697Z thumbsup:warn gifsicle (http://www.lcdf.org/gifsicle) is not installed. You will not be able to process animated GIFs.
2020-12-14T00:35:06.697Z thumbsup:warn dcraw (https://www.cybercom.net/~dcoffin/dcraw/) is not installed. You will not be able to process RAW photos.
2020-12-14T01:02:34.767Z thumbsup:warn gifsicle (http://www.lcdf.org/gifsicle) is not installed. You will not be able to process animated GIFs.
2020-12-14T01:02:34.767Z thumbsup:warn dcraw (https://www.cybercom.net/~dcoffin/dcraw/) is not installed. You will not be able to process RAW photos.
2020-12-14T01:09:03.959Z thumbsup:warn gifsicle (http://www.lcdf.org/gifsicle) is not installed. You will not be able to process animated GIFs.
2020-12-14T01:09:03.959Z thumbsup:warn dcraw (https://www.cybercom.net/~dcoffin/dcraw/) is not installed. You will not be able to process RAW photos.
2020-12-14T01:13:01.647Z thumbsup:warn gifsicle (http://www.lcdf.org/gifsicle) is not installed. You will not be able to process animated GIFs.
2020-12-14T01:13:01.648Z thumbsup:warn dcraw (https://www.cybercom.net/~dcoffin/dcraw/) is not installed. You will not be able to process RAW photos.
2020-12-14T01:13:51.031Z thumbsup:warn gifsicle (http://www.lcdf.org/gifsicle) is not installed. You will not be able to process animated GIFs.
2020-12-14T01:13:51.032Z thumbsup:warn dcraw (https://www.cybercom.net/~dcoffin/dcraw/) is not installed. You will not be able to process RAW photos.
2020-12-14T01:15:12.070Z thumbsup:warn gifsicle (http://www.lcdf.org/gifsicle) is not installed. You will not be able to process animated GIFs.
2020-12-14T01:15:12.070Z thumbsup:warn dcraw (https://www.cybercom.net/~dcoffin/dcraw/) is not installed. You will not be able to process RAW photos.
2020-12-14T01:22:12.380Z thumbsup:warn gifsicle (http://www.lcdf.org/gifsicle) is not installed. You will not be able to process animated GIFs.
2020-12-14T01:22:12.380Z thumbsup:warn dcraw (https://www.cybercom.net/~dcoffin/dcraw/) is not installed. You will not be able to process RAW photos.
2020-12-14T01:25:25.274Z thumbsup:warn gifsicle (http://www.lcdf.org/gifsicle) is not installed. You will not be able to process animated GIFs.
2020-12-14T01:25:25.274Z thumbsup:warn dcraw (https://www.cybercom.net/~dcoffin/dcraw/) is not installed. You will not be able to process RAW photos.
2020-12-14T01:35:32.379Z thumbsup:warn gifsicle (http://www.lcdf.org/gifsicle) is not installed. You will not be able to process animated GIFs.
2020-12-14T01:35:32.379Z thumbsup:warn dcraw (https://www.cybercom.net/~dcoffin/dcraw/) is not installed. You will not be able to process RAW photos.
2020-12-14T01:38:51.732Z thumbsup:warn gifsicle (http://www.lcdf.org/gifsicle) is not installed. You will not be able to process animated GIFs.
2020-12-14T01:38:51.732Z thumbsup:warn dcraw (https://www.cybercom.net/~dcoffin/dcraw/) is not installed. You will not be able to process RAW photos.
2020-12-14T01:39:04.401Z thumbsup:warn gifsicle (http://www.lcdf.org/gifsicle) is not installed. You will not be able to process animated GIFs.
2020-12-14T01:39:04.401Z thumbsup:warn dcraw (https://www.cybercom.net/~dcoffin/dcraw/) is not installed. You will not be able to process RAW photos.
2020-12-14T01:44:04.378Z thumbsup:warn gifsicle (http://www.lcdf.org/gifsicle) is not installed. You will not be able to process animated GIFs.
2020-12-14T01:44:04.379Z thumbsup:warn dcraw (https://www.cybercom.net/~dcoffin/dcraw/) is not installed. You will not be able to process RAW photos.
2020-12-14T01:51:06.377Z thumbsup:warn gifsicle (http://www.lcdf.org/gifsicle) is not installed. You will not be able to process animated GIFs.
2020-12-14T01:51:06.377Z thumbsup:warn dcraw (https://www.cybercom.net/~dcoffin/dcraw/) is not installed. You will not be able to process RAW photos.
2020-12-14T01:55:38.078Z thumbsup:warn gifsicle (http://www.lcdf.org/gifsicle) is not installed. You will not be able to process animated GIFs.
2020-12-14T01:55:38.078Z thumbsup:warn dcraw (https://www.cybercom.net/~dcoffin/dcraw/) is not installed. You will not be able to process RAW photos.
2020-12-14T02:04:14.562Z thumbsup:warn gifsicle (http://www.lcdf.org/gifsicle) is not installed. You will not be able to process animated GIFs.
2020-12-14T02:04:14.562Z thumbsup:warn dcraw (https://www.cybercom.net/~dcoffin/dcraw/) is not installed. You will not be able to process RAW photos.
2020-12-14T02:30:55.822Z thumbsup:warn gifsicle (http://www.lcdf.org/gifsicle) is not installed. You will not be able to process animated GIFs.
2020-12-14T02:30:55.822Z thumbsup:warn dcraw (https://www.cybercom.net/~dcoffin/dcraw/) is not installed. You will not be able to process RAW photos.
2020-12-14T02:39:14.436Z thumbsup:warn gifsicle (http://www.lcdf.org/gifsicle) is not installed. You will not be able to process animated GIFs.
2020-12-14T02:39:14.436Z thumbsup:warn dcraw (https://www.cybercom.net/~dcoffin/dcraw/) is not installed. You will not be able to process RAW photos.
2020-12-14T02:45:24.993Z thumbsup:warn gifsicle (http://www.lcdf.org/gifsicle) is not installed. You will not be able to process animated GIFs.
2020-12-14T02:45:24.993Z thumbsup:warn dcraw (https://www.cybercom.net/~dcoffin/dcraw/) is not installed. You will not be able to process RAW photos.
2020-12-14T02:49:49.505Z thumbsup:warn gifsicle (http://www.lcdf.org/gifsicle) is not installed. You will not be able to process animated GIFs.
2020-12-14T02:49:49.506Z thumbsup:warn dcraw (https://www.cybercom.net/~dcoffin/dcraw/) is not installed. You will not be able to process RAW photos.
2020-12-14T02:55:33.082Z thumbsup:warn gifsicle (http://www.lcdf.org/gifsicle) is not installed. You will not be able to process animated GIFs.
2020-12-14T02:55:33.082Z thumbsup:warn dcraw (https://www.cybercom.net/~dcoffin/dcraw/) is not installed. You will not be able to process RAW photos.
2020-12-14T02:59:20.961Z thumbsup:warn gifsicle (http://www.lcdf.org/gifsicle) is not installed. You will not be able to process animated GIFs.
2020-12-14T02:59:20.962Z thumbsup:warn dcraw (https://www.cybercom.net/~dcoffin/dcraw/) is not installed. You will not be able to process RAW photos.
2020-12-14T03:06:55.430Z thumbsup:warn gifsicle (http://www.lcdf.org/gifsicle) is not installed. You will not be able to process animated GIFs.
2020-12-14T03:06:55.431Z thumbsup:warn dcraw (https://www.cybercom.net/~dcoffin/dcraw/) is not installed. You will not be able to process RAW photos.
2020-12-14T03:13:14.115Z thumbsup:warn gifsicle (http://www.lcdf.org/gifsicle) is not installed. You will not be able to process animated GIFs.
2020-12-14T03:13:14.116Z thumbsup:warn dcraw (https://www.cybercom.net/~dcoffin/dcraw/) is not installed. You will not be able to process RAW photos.
2020-12-14T03:13:42.851Z thumbsup:warn gifsicle (http://www.lcdf.org/gifsicle) is not installed. You will not be able to process animated GIFs.
2020-12-14T03:13:42.851Z thumbsup:warn dcraw (https://www.cybercom.net/~dcoffin/dcraw/) is not installed. You will not be able to process RAW photos.
2020-12-14T03:22:00.103Z thumbsup:warn gifsicle (http://www.lcdf.org/gifsicle) is not installed. You will not be able to process animated GIFs.
2020-12-14T03:22:00.103Z thumbsup:warn dcraw (https://www.cybercom.net/~dcoffin/dcraw/) is not installed. You will not be able to process RAW photos.
2020-12-14T03:24:32.862Z thumbsup:warn gifsicle (http://www.lcdf.org/gifsicle) is not installed. You will not be able to process animated GIFs.
2020-12-14T03:24:32.862Z thumbsup:warn dcraw (https://www.cybercom.net/~dcoffin/dcraw/) is not installed. You will not be able to process RAW photos.
2020-12-16T20:46:09.614Z thumbsup:warn gifsicle (http://www.lcdf.org/gifsicle) is not installed. You will not be able to process animated GIFs.
2020-12-16T20:46:09.614Z thumbsup:warn dcraw (https://www.cybercom.net/~dcoffin/dcraw/) is not installed. You will not be able to process RAW photos.
2020-12-22T21:21:40.566Z thumbsup:warn gifsicle (http://www.lcdf.org/gifsicle) is not installed. You will not be able to process animated GIFs.
2020-12-22T21:21:40.566Z thumbsup:warn dcraw (https://www.cybercom.net/~dcoffin/dcraw/) is not installed. You will not be able to process RAW photos.
2020-12-24T00:36:09.594Z thumbsup:warn gifsicle (http://www.lcdf.org/gifsicle) is not installed. You will not be able to process animated GIFs.
2020-12-24T00:36:09.594Z thumbsup:warn dcraw (https://www.cybercom.net/~dcoffin/dcraw/) is not installed. You will not be able to process RAW photos.
2020-12-28T23:05:56.218Z thumbsup:warn gifsicle (http://www.lcdf.org/gifsicle) is not installed. You will not be able to process animated GIFs.
2020-12-28T23:05:56.218Z thumbsup:warn dcraw (https://www.cybercom.net/~dcoffin/dcraw/) is not installed. You will not be able to process RAW photos.
2020-12-28T23:06:08.518Z thumbsup:warn gifsicle (http://www.lcdf.org/gifsicle) is not installed. You will not be able to process animated GIFs.
2020-12-28T23:06:08.519Z thumbsup:warn dcraw (https://www.cybercom.net/~dcoffin/dcraw/) is not installed. You will not be able to process RAW photos.
2020-12-29T19:48:10.298Z thumbsup:warn gifsicle (http://www.lcdf.org/gifsicle) is not installed. You will not be able to process animated GIFs.
2020-12-29T19:48:10.298Z thumbsup:warn dcraw (https://www.cybercom.net/~dcoffin/dcraw/) is not installed. You will not be able to process RAW photos.
2021-01-02T18:57:37.399Z thumbsup:warn gifsicle (http://www.lcdf.org/gifsicle) is not installed. You will not be able to process animated GIFs.
2021-01-02T18:57:37.399Z thumbsup:warn dcraw (https://www.cybercom.net/~dcoffin/dcraw/) is not installed. You will not be able to process RAW photos.
2021-01-07T03:32:30.187Z thumbsup:warn gifsicle (http://www.lcdf.org/gifsicle) is not installed. You will not be able to process animated GIFs.
2021-01-07T03:32:30.188Z thumbsup:warn dcraw (https://www.cybercom.net/~dcoffin/dcraw/) is not installed. You will not be able to process RAW photos.
2021-01-13T20:29:53.396Z thumbsup:warn gifsicle (http://www.lcdf.org/gifsicle) is not installed. You will not be able to process animated GIFs.
2021-01-13T20:29:53.396Z thumbsup:warn dcraw (https://www.cybercom.net/~dcoffin/dcraw/) is not installed. You will not be able to process RAW photos.
